2022-11-25 05:59:05.234 INFO  (main) [] o.e.j.u.log Logging initialized @2858ms to org.eclipse.jetty.util.log.Slf4jLog
2022-11-25 05:59:05.489 INFO  (main) [] o.e.j.s.Server jetty-9.4.44.v20210927; built: 2021-09-27T23:02:44.612Z; git: 8da83308eeca865e495e53ef315a249d63ba9332; jvm 18.0.2.1+1-1
2022-11-25 05:59:05.803 INFO  (main) [] o.a.s.s.CoreContainerProvider Using logger factory org.apache.logging.slf4j.Log4jLoggerFactory
2022-11-25 05:59:05.812 INFO  (main) [] o.a.s.s.CoreContainerProvider  ___      _       Welcome to Apache Solr™ version 9.0.0
2022-11-25 05:59:05.812 INFO  (main) [] o.a.s.s.CoreContainerProvider / __| ___| |_ _   Starting in standalone mode on port 8983
2022-11-25 05:59:05.812 INFO  (main) [] o.a.s.s.CoreContainerProvider \__ \/ _ \ | '_|  Install dir: D:\CSIT\SearchProject\solr-9.0.0\solr-9.0.0
2022-11-25 05:59:05.812 INFO  (main) [] o.a.s.s.CoreContainerProvider |___/\___/_|_|    Start time: 2022-11-25T05:59:05.812841200Z
2022-11-25 05:59:05.818 INFO  (main) [] o.a.s.s.CoreContainerProvider Solr Home: D:\CSIT\SearchProject\solr-9.0.0\solr-9.0.0\server\solr (source: system property: solr.solr.home)
2022-11-25 05:59:05.820 INFO  (main) [] o.a.s.c.SolrXmlConfig Loading solr.xml from D:\CSIT\SearchProject\solr-9.0.0\solr-9.0.0\server\solr\solr.xml
2022-11-25 05:59:06.714 WARN  (main) [] o.a.s.u.StartupLoggingUtils Jetty request logging enabled. Will retain logs for last 3 days. See chapter "Configuring Logging" in reference guide for how to configure.
2022-11-25 05:59:06.723 WARN  (main) [] o.a.s.c.CoreContainer Not all security plugins configured!  authentication=disabled authorization=disabled.  Solr is only as secure as you make it. Consider configuring authentication/authorization before exposing Solr to users internal or external.  See https://s.apache.org/solrsecurity for more info
2022-11-25 05:59:06.882 INFO  (main) [] o.a.s.c.CorePropertiesLocator Found 0 core definitions underneath D:\CSIT\SearchProject\solr-9.0.0\solr-9.0.0\server\solr
2022-11-25 05:59:07.235 INFO  (main) [] o.e.j.s.h.ContextHandler Started o.e.j.w.WebAppContext@2a76b80a{/solr,file:///D:/CSIT/SearchProject/solr-9.0.0/solr-9.0.0/server/solr-webapp/webapp/,AVAILABLE}{D:\CSIT\SearchProject\solr-9.0.0\solr-9.0.0\server/solr-webapp/webapp}
2022-11-25 05:59:07.242 INFO  (main) [] o.e.j.s.RequestLogWriter Opened D:\CSIT\SearchProject\solr-9.0.0\solr-9.0.0\server\logs\2022_11_25.request.log
2022-11-25 05:59:07.250 INFO  (main) [] o.e.j.s.AbstractConnector Started ServerConnector@7894f09b{HTTP/1.1, (http/1.1, h2c)}{127.0.0.1:8983}
2022-11-25 05:59:07.251 INFO  (main) [] o.e.j.s.Server Started @4877ms
2022-11-25 05:59:10.771 INFO  (qtp1415289182-27) [] o.a.s.s.HttpSolrCall [admin] webapp=null path=/admin/info/system params={wt=json} status=0 QTime=56
2022-11-25 05:59:46.098 INFO  (qtp1415289182-20) [] o.a.s.c.TransientSolrCoreCacheDefault Allocating transient core cache for max 2147483647 cores with initial capacity of 1024
2022-11-25 05:59:46.116 INFO  (qtp1415289182-20) [] o.a.s.s.HttpSolrCall [admin] webapp=null path=/admin/cores params={indexInfo=false&wt=json&_=1669355986034} status=0 QTime=20
2022-11-25 05:59:46.134 INFO  (qtp1415289182-26) [] o.a.s.s.HttpSolrCall [admin] webapp=null path=/admin/info/system params={wt=json&_=1669355986035} status=0 QTime=38
2022-11-25 05:59:46.166 INFO  (qtp1415289182-25) [] o.a.s.s.HttpSolrCall [admin] webapp=null path=/admin/info/system params={wt=json&_=1669355986035} status=0 QTime=28
2022-11-25 06:01:46.643 INFO  (ShutdownMonitor) [] o.e.j.s.AbstractConnector Stopped ServerConnector@7894f09b{HTTP/1.1, (http/1.1, h2c)}{127.0.0.1:8983}
2022-11-25 06:01:46.649 INFO  (ShutdownMonitor) [] o.a.s.c.CoreContainer Shutting down CoreContainer instance=57264571
2022-11-25 06:01:46.652 INFO  (ShutdownMonitor) [] o.a.s.m.SolrMetricManager Closing metric reporters for registry=solr.node tag=null
2022-11-25 06:01:46.660 INFO  (ShutdownMonitor) [] o.a.s.m.SolrMetricManager Closing metric reporters for registry=solr.jvm tag=null
2022-11-25 06:01:46.667 INFO  (ShutdownMonitor) [] o.a.s.m.SolrMetricManager Closing metric reporters for registry=solr.jetty tag=null
2022-11-25 06:01:46.679 INFO  (ShutdownMonitor) [] o.e.j.s.h.ContextHandler Stopped o.e.j.w.WebAppContext@2a76b80a{/solr,null,STOPPED}{D:\CSIT\SearchProject\solr-9.0.0\solr-9.0.0\server/solr-webapp/webapp}
